<?xml version="1.0" encoding="UTF-8"?>
<!-- Generated by org.testng.reporters.JUnitReportReporter -->
<testsuite hostname="DESKTOP-RC95IVI" failures="0" tests="1" name="org.sample.ParameterizationExample" time="0.012" errors="0" timestamp="2022-08-04T21:31:26 IST" skipped="0">
  <testcase classname="org.sample.ParameterizationExample" name="firstGear" time="0.012"/>
  <system-out/>
</testsuite> <!-- org.sample.ParameterizationExample -->
