<?xml version="1.0" encoding="UTF-8"?>
<!-- Generated by org.testng.reporters.JUnitReportReporter -->
<testsuite hostname="DESKTOP-RC95IVI" failures="0" tests="5" name="org.sample.DependenciesMangement" time="0.020" errors="0" timestamp="2022-08-03T21:26:42 IST" skipped="0">
  <testcase classname="org.sample.DependenciesMangement" name="primarySchool" time="0.010"/>
  <system-out/>
  <testcase classname="org.sample.DependenciesMangement" name="primarySchool" time="0.002"/>
  <system-out/>
  <testcase classname="org.sample.DependenciesMangement" name="secondarySchool" time="0.003"/>
  <system-out/>
  <testcase classname="org.sample.DependenciesMangement" name="engineering" time="0.003"/>
  <system-out/>
  <testcase classname="org.sample.DependenciesMangement" name="postGraduate" time="0.002"/>
  <system-out/>
</testsuite> <!-- org.sample.DependenciesMangement -->
