<?xml version="1.0" encoding="UTF-8"?>
<!-- Generated by org.testng.reporters.JUnitReportReporter -->
<testsuite hostname="DESKTOP-RC95IVI" failures="0" tests="1" name="org.apirest.BasicRequest" time="2.196" errors="0" timestamp="2022-08-12T12:31:59 IST" skipped="0">
  <testcase classname="org.apirest.BasicRequest" name="tc" time="2.196"/>
  <system-out/>
</testsuite> <!-- org.apirest.BasicRequest -->
