<?xml version="1.0" encoding="UTF-8"?>
<!-- Generated by org.testng.reporters.JUnitReportReporter -->
<testsuite hostname="DESKTOP-RC95IVI" failures="0" tests="1" name="org.pomsample.LoginTestCase" time="36.996" errors="0" timestamp="2022-08-15T01:44:54 IST" skipped="0">
  <testcase classname="org.pomsample.LoginTestCase" name="loginAdacitin" time="36.996"/>
  <system-out/>
</testsuite> <!-- org.pomsample.LoginTestCase -->
