<?xml version="1.0" encoding="UTF-8"?>
<!-- Generated by org.testng.reporters.JUnitReportReporter -->
<testsuite hostname="DESKTOP-RC95IVI" failures="0" tests="4" name="org.pomsample.DataDriven" time="149.335" errors="0" timestamp="2022-08-19T11:47:12 IST" skipped="0">
  <testcase classname="org.pomsample.DataDriven" name="login" time="34.166"/>
  <system-out/>
  <testcase classname="org.pomsample.DataDriven" name="login" time="30.921"/>
  <system-out/>
  <testcase classname="org.pomsample.DataDriven" name="login" time="39.174"/>
  <system-out/>
  <testcase classname="org.pomsample.DataDriven" name="login" time="45.074"/>
  <system-out/>
</testsuite> <!-- org.pomsample.DataDriven -->
