<?xml version="1.0" encoding="UTF-8"?>
<!-- Generated by org.testng.reporters.JUnitReportReporter -->
<testsuite hostname="DESKTOP-RC95IVI" failures="0" tests="5" name="org.sample.first" time="0.017" errors="0" timestamp="2022-07-31T16:14:55 IST" skipped="0">
  <testcase classname="org.sample.first" name="fristClass" time="0.007"/>
  <system-out/>
  <testcase classname="org.sample.first" name="secondClass" time="0.002"/>
  <system-out/>
  <testcase classname="org.sample.first" name="fourthClass" time="0.003"/>
  <system-out/>
  <testcase classname="org.sample.first" name="fifthClass" time="0.003"/>
  <system-out/>
  <testcase classname="org.sample.first" name="thirdClass" time="0.002"/>
  <system-out/>
</testsuite> <!-- org.sample.first -->
